<?xml version="1.0" encoding="UTF-8"?>
<!-- Generated by org.testng.reporters.JUnitReportReporter -->
<testsuite skipped="0" hostname="Ceroshs-MacBook-Pro.local" name="runner.RunCukesTest" tests="1" failures="0" timestamp="03 Jun 2018 03:36:17 GMT" time="8.623" errors="0">
  <testcase name="feature" time="8.623" classname="runner.RunCukesTest"/>
</testsuite> <!-- runner.RunCukesTest -->
