<?xml version="1.0" encoding="UTF-8"?>
<!-- Generated by org.testng.reporters.JUnitReportReporter -->
<testsuite skipped="0" hostname="Ceroshs-MacBook-Pro.local" name="RunCukesTest" tests="1" failures="0" timestamp="30 May 2018 11:42:55 GMT" time="0.008" errors="0">
  <testcase name="feature" time="0.008" classname="RunCukesTest"/>
</testsuite> <!-- RunCukesTest -->
